<?xml version="1.0" encoding="UTF-8"?>
<!-- Generated by org.testng.reporters.JUnitReportReporter -->
<testsuite hostname="DESKTOP-VSMHV7S" failures="0" tests="1" name="com.testNF.HomePageTest" time="0.000" errors="0" timestamp="2022-09-01T22:48:40 IST" skipped="1">
  <testcase classname="com.testNF.HomePageTest" name="dispalytheTab" time="0.000">
    <skipped/>
  </testcase> <!-- dispalytheTab -->
  <system-out/>
</testsuite> <!-- com.testNF.HomePageTest -->
